C:\USERS\NRICHARD\DOCUMENTS\VISUAL STUDIO 2010\PROJECTS\HOOKTHING\DEBUG\HOOKTHING.EXE
C:\USERS\NRICHARD\DOCUMENTS\VISUAL STUDIO 2010\PROJECTS\HOOKTHING\DEBUG\HOOKTHING.ILK
C:\USERS\NRICHARD\DOCUMENTS\VISUAL STUDIO 2010\PROJECTS\HOOKTHING\DEBUG\HOOKTHING.PDB
C:\Users\NRichard\Documents\Visual Studio 2010\Projects\hookthing\hookthing\Debug\cl.command.1.tlog
C:\Users\NRichard\Documents\Visual Studio 2010\Projects\hookthing\hookthing\Debug\CL.read.1.tlog
C:\Users\NRichard\Documents\Visual Studio 2010\Projects\hookthing\hookthing\Debug\CL.write.1.tlog
C:\USERS\NRICHARD\DOCUMENTS\VISUAL STUDIO 2010\PROJECTS\HOOKTHING\HOOKTHING\DEBUG\HOOKTHING.EXE.EMBED.MANIFEST
C:\USERS\NRICHARD\DOCUMENTS\VISUAL STUDIO 2010\PROJECTS\HOOKTHING\HOOKTHING\DEBUG\HOOKTHING.EXE.EMBED.MANIFEST.RES
C:\USERS\NRICHARD\DOCUMENTS\VISUAL STUDIO 2010\PROJECTS\HOOKTHING\HOOKTHING\DEBUG\HOOKTHING.EXE.INTERMEDIATE.MANIFEST
C:\USERS\NRICHARD\DOCUMENTS\VISUAL STUDIO 2010\PROJECTS\HOOKTHING\HOOKTHING\DEBUG\HOOKTHING.OBJ
C:\USERS\NRICHARD\DOCUMENTS\VISUAL STUDIO 2010\PROJECTS\HOOKTHING\HOOKTHING\DEBUG\HOOKTHING.RES
C:\Users\NRichard\Documents\Visual Studio 2010\Projects\hookthing\hookthing\Debug\hookthing_manifest.rc
C:\Users\NRichard\Documents\Visual Studio 2010\Projects\hookthing\hookthing\Debug\link.10776.read.1.tlog
C:\Users\NRichard\Documents\Visual Studio 2010\Projects\hookthing\hookthing\Debug\link.10776.write.1.tlog
C:\Users\NRichard\Documents\Visual Studio 2010\Projects\hookthing\hookthing\Debug\link.10904.read.1.tlog
C:\Users\NRichard\Documents\Visual Studio 2010\Projects\hookthing\hookthing\Debug\link.10904.write.1.tlog
C:\Users\NRichard\Documents\Visual Studio 2010\Projects\hookthing\hookthing\Debug\link.10904-cvtres.read.1.tlog
C:\Users\NRichard\Documents\Visual Studio 2010\Projects\hookthing\hookthing\Debug\link.10904-cvtres.write.1.tlog
C:\Users\NRichard\Documents\Visual Studio 2010\Projects\hookthing\hookthing\Debug\link.15208.read.1.tlog
C:\Users\NRichard\Documents\Visual Studio 2010\Projects\hookthing\hookthing\Debug\link.15208.write.1.tlog
C:\Users\NRichard\Documents\Visual Studio 2010\Projects\hookthing\hookthing\Debug\link.15208-cvtres.read.1.tlog
C:\Users\NRichard\Documents\Visual Studio 2010\Projects\hookthing\hookthing\Debug\link.15208-cvtres.write.1.tlog
C:\Users\NRichard\Documents\Visual Studio 2010\Projects\hookthing\hookthing\Debug\link.18616.read.1.tlog
C:\Users\NRichard\Documents\Visual Studio 2010\Projects\hookthing\hookthing\Debug\link.18616.write.1.tlog
C:\Users\NRichard\Documents\Visual Studio 2010\Projects\hookthing\hookthing\Debug\link.18616-cvtres.read.1.tlog
C:\Users\NRichard\Documents\Visual Studio 2010\Projects\hookthing\hookthing\Debug\link.18616-cvtres.write.1.tlog
C:\Users\NRichard\Documents\Visual Studio 2010\Projects\hookthing\hookthing\Debug\link.2128.read.1.tlog
C:\Users\NRichard\Documents\Visual Studio 2010\Projects\hookthing\hookthing\Debug\link.2128.write.1.tlog
C:\Users\NRichard\Documents\Visual Studio 2010\Projects\hookthing\hookthing\Debug\link.2128-cvtres.read.1.tlog
C:\Users\NRichard\Documents\Visual Studio 2010\Projects\hookthing\hookthing\Debug\link.2128-cvtres.write.1.tlog
C:\Users\NRichard\Documents\Visual Studio 2010\Projects\hookthing\hookthing\Debug\link.22072.read.1.tlog
C:\Users\NRichard\Documents\Visual Studio 2010\Projects\hookthing\hookthing\Debug\link.22072.write.1.tlog
C:\Users\NRichard\Documents\Visual Studio 2010\Projects\hookthing\hookthing\Debug\link.22072-cvtres.read.1.tlog
C:\Users\NRichard\Documents\Visual Studio 2010\Projects\hookthing\hookthing\Debug\link.22072-cvtres.write.1.tlog
C:\Users\NRichard\Documents\Visual Studio 2010\Projects\hookthing\hookthing\Debug\link.24964.read.1.tlog
C:\Users\NRichard\Documents\Visual Studio 2010\Projects\hookthing\hookthing\Debug\link.24964.write.1.tlog
C:\Users\NRichard\Documents\Visual Studio 2010\Projects\hookthing\hookthing\Debug\link.24964-cvtres.read.1.tlog
C:\Users\NRichard\Documents\Visual Studio 2010\Projects\hookthing\hookthing\Debug\link.24964-cvtres.write.1.tlog
C:\Users\NRichard\Documents\Visual Studio 2010\Projects\hookthing\hookthing\Debug\link.27100.read.1.tlog
C:\Users\NRichard\Documents\Visual Studio 2010\Projects\hookthing\hookthing\Debug\link.27100.write.1.tlog
C:\Users\NRichard\Documents\Visual Studio 2010\Projects\hookthing\hookthing\Debug\link.27100-cvtres.read.1.tlog
C:\Users\NRichard\Documents\Visual Studio 2010\Projects\hookthing\hookthing\Debug\link.27100-cvtres.write.1.tlog
C:\Users\NRichard\Documents\Visual Studio 2010\Projects\hookthing\hookthing\Debug\link.29592.read.1.tlog
C:\Users\NRichard\Documents\Visual Studio 2010\Projects\hookthing\hookthing\Debug\link.29592.write.1.tlog
C:\Users\NRichard\Documents\Visual Studio 2010\Projects\hookthing\hookthing\Debug\link.29592-cvtres.read.1.tlog
C:\Users\NRichard\Documents\Visual Studio 2010\Projects\hookthing\hookthing\Debug\link.29592-cvtres.write.1.tlog
C:\Users\NRichard\Documents\Visual Studio 2010\Projects\hookthing\hookthing\Debug\link.38608.read.1.tlog
C:\Users\NRichard\Documents\Visual Studio 2010\Projects\hookthing\hookthing\Debug\link.38608.write.1.tlog
C:\Users\NRichard\Documents\Visual Studio 2010\Projects\hookthing\hookthing\Debug\link.38608-cvtres.read.1.tlog
C:\Users\NRichard\Documents\Visual Studio 2010\Projects\hookthing\hookthing\Debug\link.38608-cvtres.write.1.tlog
C:\Users\NRichard\Documents\Visual Studio 2010\Projects\hookthing\hookthing\Debug\link.38740.read.1.tlog
C:\Users\NRichard\Documents\Visual Studio 2010\Projects\hookthing\hookthing\Debug\link.38740.write.1.tlog
C:\Users\NRichard\Documents\Visual Studio 2010\Projects\hookthing\hookthing\Debug\link.38740-cvtres.read.1.tlog
C:\Users\NRichard\Documents\Visual Studio 2010\Projects\hookthing\hookthing\Debug\link.38740-cvtres.write.1.tlog
C:\Users\NRichard\Documents\Visual Studio 2010\Projects\hookthing\hookthing\Debug\link.6092.read.1.tlog
C:\Users\NRichard\Documents\Visual Studio 2010\Projects\hookthing\hookthing\Debug\link.6092.write.1.tlog
C:\Users\NRichard\Documents\Visual Studio 2010\Projects\hookthing\hookthing\Debug\link.6092-cvtres.read.1.tlog
C:\Users\NRichard\Documents\Visual Studio 2010\Projects\hookthing\hookthing\Debug\link.6092-cvtres.write.1.tlog
C:\Users\NRichard\Documents\Visual Studio 2010\Projects\hookthing\hookthing\Debug\link.6148.read.1.tlog
C:\Users\NRichard\Documents\Visual Studio 2010\Projects\hookthing\hookthing\Debug\link.6148.write.1.tlog
C:\Users\NRichard\Documents\Visual Studio 2010\Projects\hookthing\hookthing\Debug\link.6148-cvtres.read.1.tlog
C:\Users\NRichard\Documents\Visual Studio 2010\Projects\hookthing\hookthing\Debug\link.6148-cvtres.write.1.tlog
C:\Users\NRichard\Documents\Visual Studio 2010\Projects\hookthing\hookthing\Debug\link.9564.read.1.tlog
C:\Users\NRichard\Documents\Visual Studio 2010\Projects\hookthing\hookthing\Debug\link.9564.write.1.tlog
C:\Users\NRichard\Documents\Visual Studio 2010\Projects\hookthing\hookthing\Debug\link.9564-cvtres.read.1.tlog
C:\Users\NRichard\Documents\Visual Studio 2010\Projects\hookthing\hookthing\Debug\link.9564-cvtres.write.1.tlog
C:\Users\NRichard\Documents\Visual Studio 2010\Projects\hookthing\hookthing\Debug\link.command.1.tlog
C:\Users\NRichard\Documents\Visual Studio 2010\Projects\hookthing\hookthing\Debug\link.read.1.tlog
C:\Users\NRichard\Documents\Visual Studio 2010\Projects\hookthing\hookthing\Debug\link.write.1.tlog
C:\Users\NRichard\Documents\Visual Studio 2010\Projects\hookthing\hookthing\Debug\link-cvtres.read.1.tlog
C:\Users\NRichard\Documents\Visual Studio 2010\Projects\hookthing\hookthing\Debug\link-cvtres.write.1.tlog
C:\Users\NRichard\Documents\Visual Studio 2010\Projects\hookthing\hookthing\Debug\mt.command.1.tlog
C:\Users\NRichard\Documents\Visual Studio 2010\Projects\hookthing\hookthing\Debug\mt.read.1.tlog
C:\Users\NRichard\Documents\Visual Studio 2010\Projects\hookthing\hookthing\Debug\mt.write.1.tlog
C:\Users\NRichard\Documents\Visual Studio 2010\Projects\hookthing\hookthing\Debug\rc.command.1.tlog
C:\Users\NRichard\Documents\Visual Studio 2010\Projects\hookthing\hookthing\Debug\rc.read.1.tlog
C:\Users\NRichard\Documents\Visual Studio 2010\Projects\hookthing\hookthing\Debug\rc.write.1.tlog
C:\USERS\NRICHARD\DOCUMENTS\VISUAL STUDIO 2010\PROJECTS\HOOKTHING\HOOKTHING\DEBUG\STDAFX.OBJ
C:\Users\NRichard\Documents\Visual Studio 2010\Projects\hookthing\hookthing\Debug\vc100.idb
C:\USERS\NRICHARD\DOCUMENTS\VISUAL STUDIO 2010\PROJECTS\HOOKTHING\HOOKTHING\DEBUG\VC100.PDB
