Build started 2013-11-18 11:24:18 AM.
     1>Project "M:\ICT\IPC\7000 - Workspace\9200 - Co-op Students\archive\Summer 2013\Programming\ModelM\hookthing\hookthing.vcxproj" on node 2 (build target(s)).
     1>InitializeBuildStatus:
         Creating "Debug\ModelM.unsuccessfulbuild" because "AlwaysCreate" was specified.
       ClCompile:
         C:\Program Files\Microsoft Visual Studio 10.0\VC\bin\CL.exe /c /ZI /nologo /W3 /WX- /Od /Oy- /D WIN32 /D _DEBUG /D _CONSOLE /D _UNICODE /D UNICODE /Gm /EHsc /RTC1 /MDd /GS /fp:precise /Zc:wchar_t /Zc:forScope /Fo"Debug\\" /Fd"Debug\vc100.pdb" /Gd /TP /analyze- /errorReport:prompt ModelM.cpp stdafx.cpp
         stdafx.cpp
         ModelM.cpp
         Generating Code...
       ManifestResourceCompile:
         C:\Program Files\Microsoft SDKs\Windows\v7.0A\bin\rc.exe /nologo /fo"Debug\ModelM.exe.embed.manifest.res" Debug\ModelM_manifest.rc 
       Link:
         C:\Program Files\Microsoft Visual Studio 10.0\VC\bin\link.exe /ERRORREPORT:PROMPT /OUT:"M:\ICT\IPC\7000 - Workspace\9200 - Co-op Students\archive\Summer 2013\Programming\ModelM\Debug\ModelM.exe" /INCREMENTAL /NOLOGO irrKlang.lib kernel32.lib user32.lib gdi32.lib winspool.lib comdlg32.lib advapi32.lib shell32.lib ole32.lib oleaut32.lib uuid.lib odbc32.lib odbccp32.lib /MANIFEST /ManifestFile:"Debug\ModelM.exe.intermediate.manifest" /MANIFESTUAC:"level='asInvoker' uiAccess='false'" /DEBUG /PDB:"M:\ICT\IPC\7000 - Workspace\9200 - Co-op Students\archive\Summer 2013\Programming\ModelM\Debug\ModelM.pdb" /SUBSYSTEM:CONSOLE /TLBID:1 /DYNAMICBASE /NXCOMPAT /IMPLIB:"M:\ICT\IPC\7000 - Workspace\9200 - Co-op Students\archive\Summer 2013\Programming\ModelM\Debug\ModelM.lib" /MACHINE:X86 Debug\ModelM.exe.embed.manifest.res
         Debug\ModelM.obj
         Debug\stdafx.obj
       Manifest:
         C:\Program Files\Microsoft SDKs\Windows\v7.0A\bin\mt.exe /nologo /verbose /out:"Debug\ModelM.exe.embed.manifest" /manifest Debug\ModelM.exe.intermediate.manifest
         C:\Program Files\Microsoft SDKs\Windows\v7.0A\bin\rc.exe /nologo /fo"Debug\ModelM.exe.embed.manifest.res" Debug\ModelM_manifest.rc 
       LinkEmbedManifest:
         C:\Program Files\Microsoft Visual Studio 10.0\VC\bin\link.exe /ERRORREPORT:PROMPT /OUT:"M:\ICT\IPC\7000 - Workspace\9200 - Co-op Students\archive\Summer 2013\Programming\ModelM\Debug\ModelM.exe" /INCREMENTAL /NOLOGO irrKlang.lib kernel32.lib user32.lib gdi32.lib winspool.lib comdlg32.lib advapi32.lib shell32.lib ole32.lib oleaut32.lib uuid.lib odbc32.lib odbccp32.lib /MANIFEST /ManifestFile:"Debug\ModelM.exe.intermediate.manifest" /MANIFESTUAC:"level='asInvoker' uiAccess='false'" /DEBUG /PDB:"M:\ICT\IPC\7000 - Workspace\9200 - Co-op Students\archive\Summer 2013\Programming\ModelM\Debug\ModelM.pdb" /SUBSYSTEM:CONSOLE /TLBID:1 /DYNAMICBASE /NXCOMPAT /IMPLIB:"M:\ICT\IPC\7000 - Workspace\9200 - Co-op Students\archive\Summer 2013\Programming\ModelM\Debug\ModelM.lib" /MACHINE:X86 Debug\ModelM.exe.embed.manifest.res
         Debug\ModelM.obj
         Debug\stdafx.obj
         hookthing.vcxproj -> M:\ICT\IPC\7000 - Workspace\9200 - Co-op Students\archive\Summer 2013\Programming\ModelM\Debug\ModelM.exe
       FinalizeBuildStatus:
         Deleting file "Debug\ModelM.unsuccessfulbuild".
         Touching "Debug\ModelM.lastbuildstate".
     1>Done Building Project "M:\ICT\IPC\7000 - Workspace\9200 - Co-op Students\archive\Summer 2013\Programming\ModelM\hookthing\hookthing.vcxproj" (build target(s)).

Build succeeded.

Time Elapsed 00:00:04.74
