C:\USERS\NRICHARD\DOCUMENTS\VISUAL STUDIO 2010\PROJECTS\MODELM\DEBUG\MODELM.EXE
C:\USERS\NRICHARD\DOCUMENTS\VISUAL STUDIO 2010\PROJECTS\MODELM\DEBUG\MODELM.ILK
C:\USERS\NRICHARD\DOCUMENTS\VISUAL STUDIO 2010\PROJECTS\MODELM\DEBUG\MODELM.PDB
C:\USERS\NRICHARD\DOCUMENTS\VISUAL STUDIO 2010\PROJECTS\MODELM\HOOKTHING\DEBUG\HOOKTHING.RES
C:\USERS\NRICHARD\DOCUMENTS\VISUAL STUDIO 2010\PROJECTS\MODELM\HOOKTHING\DEBUG\MODELM.EXE.EMBED.MANIFEST
C:\USERS\NRICHARD\DOCUMENTS\VISUAL STUDIO 2010\PROJECTS\MODELM\HOOKTHING\DEBUG\MODELM.EXE.EMBED.MANIFEST.RES
C:\USERS\NRICHARD\DOCUMENTS\VISUAL STUDIO 2010\PROJECTS\MODELM\HOOKTHING\DEBUG\MODELM.EXE.INTERMEDIATE.MANIFEST
C:\USERS\NRICHARD\DOCUMENTS\VISUAL STUDIO 2010\PROJECTS\MODELM\HOOKTHING\DEBUG\MODELM.OBJ
C:\USERS\NRICHARD\DOCUMENTS\VISUAL STUDIO 2010\PROJECTS\MODELM\HOOKTHING\DEBUG\STDAFX.OBJ
C:\USERS\NRICHARD\DOCUMENTS\VISUAL STUDIO 2010\PROJECTS\MODELM\HOOKTHING\DEBUG\VC100.PDB
M:\ICT\IPC\7000 - Workspace\9200 - Co-op Students\archive\Summer 2013\Programming\ModelM\Debug\ModelM.exe
M:\ICT\IPC\7000 - Workspace\9200 - Co-op Students\archive\Summer 2013\Programming\ModelM\Debug\ModelM.ilk
M:\ICT\IPC\7000 - WORKSPACE\9200 - CO-OP STUDENTS\ARCHIVE\SUMMER 2013\PROGRAMMING\MODELM\DEBUG\MODELM.PDB
M:\ICT\IPC\7000 - Workspace\9200 - Co-op Students\archive\Summer 2013\Programming\ModelM\hookthing\Debug\cl.command.1.tlog
M:\ICT\IPC\7000 - Workspace\9200 - Co-op Students\archive\Summer 2013\Programming\ModelM\hookthing\Debug\CL.read.1.tlog
M:\ICT\IPC\7000 - Workspace\9200 - Co-op Students\archive\Summer 2013\Programming\ModelM\hookthing\Debug\CL.write.1.tlog
M:\ICT\IPC\7000 - Workspace\9200 - Co-op Students\archive\Summer 2013\Programming\ModelM\hookthing\Debug\hookthing.res
M:\ICT\IPC\7000 - Workspace\9200 - Co-op Students\archive\Summer 2013\Programming\ModelM\hookthing\Debug\link.5604.read.1.tlog
M:\ICT\IPC\7000 - Workspace\9200 - Co-op Students\archive\Summer 2013\Programming\ModelM\hookthing\Debug\link.5604.write.1.tlog
M:\ICT\IPC\7000 - Workspace\9200 - Co-op Students\archive\Summer 2013\Programming\ModelM\hookthing\Debug\link.5604-cvtres.read.1.tlog
M:\ICT\IPC\7000 - Workspace\9200 - Co-op Students\archive\Summer 2013\Programming\ModelM\hookthing\Debug\link.5604-cvtres.write.1.tlog
M:\ICT\IPC\7000 - Workspace\9200 - Co-op Students\archive\Summer 2013\Programming\ModelM\hookthing\Debug\link.command.1.tlog
M:\ICT\IPC\7000 - Workspace\9200 - Co-op Students\archive\Summer 2013\Programming\ModelM\hookthing\Debug\link.read.1.tlog
M:\ICT\IPC\7000 - Workspace\9200 - Co-op Students\archive\Summer 2013\Programming\ModelM\hookthing\Debug\link.write.1.tlog
M:\ICT\IPC\7000 - Workspace\9200 - Co-op Students\archive\Summer 2013\Programming\ModelM\hookthing\Debug\link-cvtres.read.1.tlog
M:\ICT\IPC\7000 - Workspace\9200 - Co-op Students\archive\Summer 2013\Programming\ModelM\hookthing\Debug\link-cvtres.write.1.tlog
M:\ICT\IPC\7000 - Workspace\9200 - Co-op Students\archive\Summer 2013\Programming\ModelM\hookthing\Debug\ModelM.exe.embed.manifest
M:\ICT\IPC\7000 - Workspace\9200 - Co-op Students\archive\Summer 2013\Programming\ModelM\hookthing\Debug\ModelM.exe.embed.manifest.res
M:\ICT\IPC\7000 - Workspace\9200 - Co-op Students\archive\Summer 2013\Programming\ModelM\hookthing\Debug\ModelM.exe.intermediate.manifest
M:\ICT\IPC\7000 - WORKSPACE\9200 - CO-OP STUDENTS\ARCHIVE\SUMMER 2013\PROGRAMMING\MODELM\HOOKTHING\DEBUG\MODELM.OBJ
M:\ICT\IPC\7000 - Workspace\9200 - Co-op Students\archive\Summer 2013\Programming\ModelM\hookthing\Debug\ModelM_manifest.rc
M:\ICT\IPC\7000 - Workspace\9200 - Co-op Students\archive\Summer 2013\Programming\ModelM\hookthing\Debug\mt.command.1.tlog
M:\ICT\IPC\7000 - Workspace\9200 - Co-op Students\archive\Summer 2013\Programming\ModelM\hookthing\Debug\mt.read.1.tlog
M:\ICT\IPC\7000 - Workspace\9200 - Co-op Students\archive\Summer 2013\Programming\ModelM\hookthing\Debug\mt.write.1.tlog
M:\ICT\IPC\7000 - Workspace\9200 - Co-op Students\archive\Summer 2013\Programming\ModelM\hookthing\Debug\rc.command.1.tlog
M:\ICT\IPC\7000 - Workspace\9200 - Co-op Students\archive\Summer 2013\Programming\ModelM\hookthing\Debug\rc.read.1.tlog
M:\ICT\IPC\7000 - Workspace\9200 - Co-op Students\archive\Summer 2013\Programming\ModelM\hookthing\Debug\rc.write.1.tlog
M:\ICT\IPC\7000 - WORKSPACE\9200 - CO-OP STUDENTS\ARCHIVE\SUMMER 2013\PROGRAMMING\MODELM\HOOKTHING\DEBUG\STDAFX.OBJ
M:\ICT\IPC\7000 - Workspace\9200 - Co-op Students\archive\Summer 2013\Programming\ModelM\hookthing\Debug\vc100.idb
M:\ICT\IPC\7000 - WORKSPACE\9200 - CO-OP STUDENTS\ARCHIVE\SUMMER 2013\PROGRAMMING\MODELM\HOOKTHING\DEBUG\VC100.PDB
