Build started 2013-05-27 2:35:03 PM.
     1>Project "C:\irrKlang-1.4.0\examples\01.HelloWorld\01.HelloWorld.vcxproj" on node 2 (build target(s)).
     1>InitializeBuildStatus:
         Creating "Debug\01.HelloWorld.unsuccessfulbuild" because "AlwaysCreate" was specified.
       ClCompile:
         All outputs are up-to-date.
       ManifestResourceCompile:
         All outputs are up-to-date.
     1>C:\Program Files\MSBuild\Microsoft.Cpp\v4.0\Microsoft.CppBuild.targets(990,5): warning MSB8012: TargetPath(C:\irrKlang-1.4.0\examples\01.HelloWorld\Debug\01.HelloWorld.exe) does not match the Linker's OutputFile property value (C:\irrKlang-1.4.0\bin\win32-visualstudio\01.HelloWorld.exe). This may cause your project to build incorrectly. To correct this, please make sure that $(OutDir), $(TargetName) and $(TargetExt) property values match the value specified in %(Link.OutputFile).
       Link:
         C:\Program Files\Microsoft Visual Studio 10.0\VC\bin\link.exe /ERRORREPORT:PROMPT /OUT:"../../bin/win32-visualstudio/01.HelloWorld.exe" /INCREMENTAL /NOLOGO /LIBPATH:"../../lib/win32-visualstudio" kernel32.lib user32.lib gdi32.lib winspool.lib comdlg32.lib advapi32.lib shell32.lib ole32.lib oleaut32.lib uuid.lib odbc32.lib odbccp32.lib /MANIFEST /ManifestFile:"Debug\01.HelloWorld.exe.intermediate.manifest" /MANIFESTUAC:"level='asInvoker' uiAccess='false'" /DEBUG /PDB:"Debug\01.HelloWorld.pdb" /SUBSYSTEM:CONSOLE /TLBID:1 /DYNAMICBASE /NXCOMPAT /IMPLIB:"Debug\01.HelloWorld.lib" /MACHINE:X86 Debug\01.HelloWorld.exe.embed.manifest.res
         Debug\main.obj
       Manifest:
         C:\Program Files\Microsoft SDKs\Windows\v7.0A\bin\mt.exe /nologo /verbose /out:"Debug\01.HelloWorld.exe.embed.manifest" /manifest Debug\01.HelloWorld.exe.intermediate.manifest
         All outputs are up-to-date.
       LinkEmbedManifest:
         All outputs are up-to-date.
         01.HelloWorld.vcxproj -> C:\irrKlang-1.4.0\examples\01.HelloWorld\Debug\01.HelloWorld.exe
       FinalizeBuildStatus:
         Deleting file "Debug\01.HelloWorld.unsuccessfulbuild".
         Touching "Debug\01.HelloWorld.lastbuildstate".
     1>Done Building Project "C:\irrKlang-1.4.0\examples\01.HelloWorld\01.HelloWorld.vcxproj" (build target(s)).

Build succeeded.

Time Elapsed 00:00:00.31
